<?xml version="1.0" encoding="UTF-8"?>
<!-- Generated by org.testng.reporters.JUnitReportReporter -->
<testsuite hostname="DESKTOP-D148JLL" failures="0" tests="1" name="switching.HandlingFrames" time="4.305" errors="0" timestamp="2023-09-06T11:40:07 IST" skipped="0">
  <testcase classname="switching.HandlingFrames" name="switchingToFrame" time="4.305"/>
  <system-out/>
</testsuite> <!-- switching.HandlingFrames -->
