<?xml version="1.0" encoding="UTF-8"?>
<!-- Generated by org.testng.reporters.JUnitReportReporter -->
<testsuite hostname="DESKTOP-D148JLL" failures="0" tests="4" name="advancetestng.GroupExample2" time="0.025" errors="0" timestamp="2023-09-10T11:09:27 IST" skipped="0">
  <testcase classname="advancetestng.GroupExample2" name="testTask" time="0.004"/>
  <system-out/>
  <testcase classname="advancetestng.GroupExample2" name="testLeads" time="0.005"/>
  <system-out/>
  <testcase classname="advancetestng.GroupExample2" name="testSignIn" time="0.002"/>
  <system-out/>
  <testcase classname="advancetestng.GroupExample2" name="testLogin" time="0.014"/>
  <system-out/>
</testsuite> <!-- advancetestng.GroupExample2 -->
