<?xml version="1.0" encoding="UTF-8"?>
<!-- Generated by org.testng.reporters.JUnitReportReporter -->
<testsuite hostname="DESKTOP-D148JLL" failures="0" tests="4" name="testngexample.Example3" time="0.044" errors="0" timestamp="2023-09-05T11:29:40 IST" skipped="0">
  <testcase classname="testngexample.Example3" name="tc4" time="0.022"/>
  <system-out/>
  <testcase classname="testngexample.Example3" name="tc1" time="0.008"/>
  <system-out/>
  <testcase classname="testngexample.Example3" name="tc2" time="0.010"/>
  <system-out/>
  <testcase classname="testngexample.Example3" name="tc3" time="0.004"/>
  <system-out/>
</testsuite> <!-- testngexample.Example3 -->
