<?xml version="1.0" encoding="UTF-8"?>
<!-- Generated by org.testng.reporters.JUnitReportReporter -->
<testsuite hostname="DESKTOP-D148JLL" failures="0" tests="2" name="testngexample.BeforeAfterTest" time="0.015" errors="0" timestamp="2023-09-05T11:50:15 IST" skipped="0">
  <testcase classname="testngexample.BeforeAfterTest" name="testPIMDeletion" time="0.005"/>
  <system-out/>
  <testcase classname="testngexample.BeforeAfterTest" name="testPIMCreation" time="0.010"/>
  <system-out/>
</testsuite> <!-- testngexample.BeforeAfterTest -->
