<?xml version="1.0" encoding="UTF-8"?>
<!-- Generated by org.testng.reporters.JUnitReportReporter -->
<testsuite hostname="DESKTOP-D148JLL" failures="0" tests="2" name="testngexample.Example1" time="0.028" errors="0" timestamp="2023-09-05T11:29:40 IST" skipped="0">
  <testcase classname="testngexample.Example1" name="tc2" time="0.012"/>
  <system-out/>
  <testcase classname="testngexample.Example1" name="tc1" time="0.016"/>
  <system-out/>
</testsuite> <!-- testngexample.Example1 -->
