<?xml version="1.0" encoding="UTF-8"?>
<!-- Generated by org.testng.reporters.JUnitReportReporter -->
<testsuite hostname="DESKTOP-D148JLL" failures="0" tests="1" name="testngexample.Example7" time="0.004" errors="0" timestamp="2023-09-05T11:29:40 IST" skipped="0">
  <testcase classname="testngexample.Example7" name="testFB" time="0.004"/>
  <system-out/>
</testsuite> <!-- testngexample.Example7 -->
