<?xml version="1.0" encoding="UTF-8"?>
<!-- Generated by org.testng.reporters.JUnitReportReporter -->
<testsuite hostname="DESKTOP-D148JLL" failures="0" tests="1" name="switching.HandlingWindows" time="7.754" errors="0" timestamp="2023-09-06T12:38:29 IST" skipped="0">
  <testcase classname="switching.HandlingWindows" name="testWindowHandling" time="7.754"/>
  <system-out/>
</testsuite> <!-- switching.HandlingWindows -->
