<?xml version="1.0" encoding="UTF-8"?>
<!-- Generated by org.testng.reporters.JUnitReportReporter -->
<testsuite hostname="DESKTOP-D148JLL" failures="0" tests="1" name="switching.HandlingConfirmationPopup" time="0.502" errors="0" timestamp="2023-09-06T12:01:30 IST" skipped="0">
  <testcase classname="switching.HandlingConfirmationPopup" name="testAlert" time="0.502"/>
  <system-out/>
</testsuite> <!-- switching.HandlingConfirmationPopup -->
