<?xml version="1.0" encoding="UTF-8"?>
<!-- Generated by org.testng.reporters.JUnitReportReporter -->
<testsuite hostname="DESKTOP-D148JLL" failures="0" tests="1" name="switching.HandlingAlert" time="2.425" errors="0" timestamp="2023-09-06T11:53:07 IST" skipped="0">
  <testcase classname="switching.HandlingAlert" name="testAlert" time="2.425"/>
  <system-out/>
</testsuite> <!-- switching.HandlingAlert -->
