<?xml version="1.0" encoding="UTF-8"?>
<!-- Generated by org.testng.reporters.JUnitReportReporter -->
<testsuite hostname="DESKTOP-D148JLL" failures="0" tests="2" name="testngexample.BeforeAfterClass" time="0.017" errors="0" timestamp="2023-09-05T11:55:01 IST" skipped="0">
  <testcase classname="testngexample.BeforeAfterClass" name="testPIMCreation" time="0.012"/>
  <system-out/>
  <testcase classname="testngexample.BeforeAfterClass" name="testPIMDeletion" time="0.005"/>
  <system-out/>
</testsuite> <!-- testngexample.BeforeAfterClass -->
