<?xml version="1.0" encoding="UTF-8"?>
<!-- Generated by org.testng.reporters.JUnitReportReporter -->
<testsuite hostname="DESKTOP-D148JLL" failures="0" tests="2" name="switching.HandlingActiveElements" time="5.415" errors="0" timestamp="2023-09-06T12:44:30 IST" skipped="0">
  <testcase classname="switching.HandlingActiveElements" name="testMouseFocus" time="0.096"/>
  <system-out/>
  <testcase classname="switching.HandlingActiveElements" name="testLoginWithoutIdentifyingElement" time="5.319"/>
  <system-out/>
</testsuite> <!-- switching.HandlingActiveElements -->
