<?xml version="1.0" encoding="UTF-8"?>
<!-- Generated by org.testng.reporters.JUnitReportReporter -->
<testsuite hostname="DESKTOP-D148JLL" failures="0" tests="1" name="testngexample.Validation" time="49.698" errors="0" timestamp="2023-09-10T13:25:16 IST" skipped="0">
  <testcase classname="testngexample.Validation" name="testGoogleSearchResultWithAssert" time="49.698"/>
  <system-out/>
</testsuite> <!-- testngexample.Validation -->
