<?xml version="1.0" encoding="UTF-8"?>
<!-- Generated by org.testng.reporters.JUnitReportReporter -->
<testsuite hostname="DESKTOP-D148JLL" failures="0" tests="3" name="testngexample.Example6" time="2.042" errors="1" timestamp="2023-09-05T11:29:40 IST" skipped="0">
  <testcase classname="testngexample.Example6" name="testSignIn" time="0.015"/>
  <system-out/>
  <testcase classname="testngexample.Example6" name="testLogin" time="0.001"/>
  <system-out/>
  <testcase classname="testngexample.Example6" name="testLogout" time="2.026">
    <error message="Method testngexample.Example6.testLogout() didn&#039;t finish within the time-out 2000" type="org.testng.internal.thread.ThreadTimeoutException">
      <![CDATA[org.testng.internal.thread.ThreadTimeoutException: Method testngexample.Example6.testLogout() didn't finish within the time-out 2000
at java.base@17.0.3/java.lang.Thread.sleep(Native Method)
at app//testngexample.Example6.testLogout(Example6.java:20)
at java.base@17.0.3/jdk.internal.reflect.NativeMethodAccessorImpl.invoke0(Native Method)
at java.base@17.0.3/jdk.internal.reflect.NativeMethodAccessorImpl.invoke(NativeMethodAccessorImpl.java:77)
at java.base@17.0.3/jdk.internal.reflect.DelegatingMethodAccessorImpl.invoke(DelegatingMethodAccessorImpl.java:43)
at java.base@17.0.3/java.lang.reflect.Method.invoke(Method.java:568)
at app//org.testng.internal.invokers.MethodInvocationHelper.invokeMethod(MethodInvocationHelper.java:139)
at app//org.testng.internal.invokers.InvokeMethodRunnable.runOne(InvokeMethodRunnable.java:47)
at app//org.testng.internal.invokers.InvokeMethodRunnable.call(InvokeMethodRunnable.java:76)
at app//org.testng.internal.invokers.InvokeMethodRunnable.call(InvokeMethodRunnable.java:11)
at java.base@17.0.3/java.util.concurrent.FutureTask.run(FutureTask.java:264)
at java.base@17.0.3/java.util.concurrent.ThreadPoolExecutor.runWorker(ThreadPoolExecutor.java:1136)
at java.base@17.0.3/java.util.concurrent.ThreadPoolExecutor$Worker.run(ThreadPoolExecutor.java:635)
at java.base@17.0.3/java.lang.Thread.run(Thread.java:833)
]]>
    </error>
  </testcase> <!-- testLogout -->
  <system-out/>
</testsuite> <!-- testngexample.Example6 -->
