<?xml version="1.0" encoding="UTF-8"?>
<!-- Generated by org.testng.reporters.JUnitReportReporter -->
<testsuite hostname="DESKTOP-D148JLL" failures="0" tests="4" name="advancetestng.GroupExamples" time="0.026" errors="0" timestamp="2023-09-10T11:09:27 IST" skipped="0">
  <testcase classname="advancetestng.GroupExamples" name="testCaseOne" time="0.003"/>
  <system-out/>
  <testcase classname="advancetestng.GroupExamples" name="testCaseTwo" time="0.003"/>
  <system-out/>
  <testcase classname="advancetestng.GroupExamples" name="testCaseFour" time="0.002"/>
  <system-out/>
  <testcase classname="advancetestng.GroupExamples" name="testCaseFive" time="0.018"/>
  <system-out/>
</testsuite> <!-- advancetestng.GroupExamples -->
