<?xml version="1.0" encoding="UTF-8"?>
<!-- Generated by org.testng.reporters.JUnitReportReporter -->
<testsuite hostname="DESKTOP-D148JLL" failures="0" tests="4" name="testngexample.Example2" time="0.012" errors="0" timestamp="2023-09-05T11:29:40 IST" skipped="2">
  <testcase classname="testngexample.Example2" name="tc3" time="0.007"/>
  <system-out/>
  <testcase classname="testngexample.Example2" name="tc2" time="0.005"/>
  <system-out/>
  <testcase classname="testngexample.Example2" name="tc1">
    <skipped/>
  </testcase> <!-- tc1 -->
  <system-out/>
  <testcase classname="testngexample.Example2" name="tc4">
    <skipped/>
  </testcase> <!-- tc4 -->
  <system-out/>
</testsuite> <!-- testngexample.Example2 -->
