<?xml version="1.0" encoding="UTF-8"?>
<!-- Generated by org.testng.reporters.JUnitReportReporter -->
<testsuite hostname="DESKTOP-D148JLL" failures="0" tests="6" name="advancetestng.DataProviderExample" time="105.770" errors="0" timestamp="2023-09-10T12:41:33 IST" skipped="0">
  <testcase classname="advancetestng.DataProviderExample" name="setData" time="0.004"/>
  <system-out/>
  <testcase classname="advancetestng.DataProviderExample" name="testLoginOfVtiger" time="23.948"/>
  <system-out/>
  <testcase classname="advancetestng.DataProviderExample" name="testLoginOfVtiger" time="8.460"/>
  <system-out/>
  <testcase classname="advancetestng.DataProviderExample" name="setData" time="0.003"/>
  <system-out/>
  <testcase classname="advancetestng.DataProviderExample" name="testLoginOfVtiger" time="73.343"/>
  <system-out/>
  <testcase classname="advancetestng.DataProviderExample" name="setData" time="0.012"/>
  <system-out/>
</testsuite> <!-- advancetestng.DataProviderExample -->
