<?xml version="1.0" encoding="UTF-8"?>
<!-- Generated by org.testng.reporters.JUnitReportReporter -->
<testsuite hostname="DESKTOP-D148JLL" failures="0" tests="2" name="advancetestng.ParallelExecutionTest" time="154.415" errors="0" timestamp="2023-09-10T13:25:16 IST" skipped="0">
  <testcase classname="advancetestng.ParallelExecutionTest" name="testLoginOfVtiger" time="66.028"/>
  <system-out/>
  <testcase classname="advancetestng.ParallelExecutionTest" name="testLoginOfVtiger" time="88.387"/>
  <system-out/>
</testsuite> <!-- advancetestng.ParallelExecutionTest -->
