<?xml version="1.0" encoding="UTF-8"?>
<!-- Generated by org.testng.reporters.JUnitReportReporter -->
<testsuite hostname="DESKTOP-D148JLL" failures="0" tests="2" name="testngexample.BeforeAfterMethod" time="0.012" errors="0" timestamp="2023-09-10T13:25:16 IST" skipped="0">
  <testcase classname="testngexample.BeforeAfterMethod" name="testPIMCreation" time="0.004"/>
  <system-out/>
  <testcase classname="testngexample.BeforeAfterMethod" name="testPIMDeletion" time="0.008"/>
  <system-out/>
</testsuite> <!-- testngexample.BeforeAfterMethod -->
