<?xml version="1.0" encoding="UTF-8"?>
<!-- Generated by org.testng.reporters.JUnitReportReporter -->
<testsuite hostname="DESKTOP-D148JLL" failures="0" tests="3" name="testngexample.Example4" time="0.009" errors="0" timestamp="2023-09-05T11:29:40 IST" skipped="0">
  <testcase classname="testngexample.Example4" name="testSignIn" time="0.003"/>
  <system-out/>
  <testcase classname="testngexample.Example4" name="testSignIn" time="0.003"/>
  <system-out/>
  <testcase classname="testngexample.Example4" name="testSignIn" time="0.003"/>
  <system-out/>
</testsuite> <!-- testngexample.Example4 -->
